<?xml version="1.0" encoding="UTF-8"?>
<!-- Generated by org.testng.reporters.JUnitXMLReporter -->
<testsuite hostname="DESKTOP-QFTE8PL" ignored="1" name="Test" tests="7" failures="2" timestamp="2020-01-27T13:00:56 EST" time="113.886" errors="0">
  <testcase name="validationOfMessage" time="0.51" classname="com.class02.HW"/>
  <testcase name="logoAndLogin" time="2.42" classname="com.class02.SoftAssertionDemo">
    <failure type="java.lang.AssertionError" message="The following asserts failed:
	Logo is NOT displayed did not expect to find [true] but found [false]">
      <![CDATA[java.lang.AssertionError: The following asserts failed:
Logo is NOT displayed did not expect to find [true] but found [false]
at com.class02.SoftAssertionDemo.logoAndLogin(SoftAssertionDemo.java:42)
at java.util.ArrayList.forEach(Unknown Source)
... Removed 29 stack frames]]>
    </failure>
  </testcase> <!-- logoAndLogin -->
  <testcase name="titleValidation" time="0.011" classname="com.class02.AssertionsDemo">
    <failure type="java.lang.AssertionError" message="Titles are NOT matched expected [Human Management Systems] but found [Syntax HRM]">
      <![CDATA[java.lang.AssertionError: Titles are NOT matched expected [Human Management Systems] but found [Syntax HRM]
at com.class02.AssertionsDemo.titleValidation(AssertionsDemo.java:23)
at java.util.ArrayList.forEach(Unknown Source)
... Removed 31 stack frames]]>
    </failure>
  </testcase> <!-- titleValidation -->
  <testcase name="logoValidation" time="0.089" classname="com.class02.AssertionsDemo"/>
  <testcase name="logoValidation" time="0.061" classname="com.class01.TitleLogoAndLoginVerification"/>
  <testcase name="titleValidation" time="0.019" classname="com.class01.TitleLogoAndLoginVerification"/>
  <testcase name="validLogin" time="2.703" classname="com.class01.TitleLogoAndLoginVerification"/>
  <testcase name="validationOfLogo" time="0.0" classname="com.class02.HW">
    <ignored/>
  </testcase> <!-- validationOfLogo -->
</testsuite> <!-- Test -->
